<?xml version="1.0" encoding="UTF-8"?>
<!-- Generated by org.testng.reporters.JUnitReportReporter -->
<testsuite skipped="0" hostname="Prabodh-PC" name="tests.WomenSummerDressSectionTest" tests="1" failures="0" timestamp="24 Aug 2020 15:29:35 GMT" time="28.432" errors="0">
  <testcase name="verifyProductCount" time="28.432" classname="tests.WomenSummerDressSectionTest"/>
</testsuite> <!-- tests.WomenSummerDressSectionTest -->
