<?xml version="1.0" encoding="UTF-8"?>
<!-- Generated by org.testng.reporters.JUnitReportReporter -->
<testsuite skipped="0" hostname="Prabodh-PC" name="academy.InvalidSignInTest" tests="2" failures="0" timestamp="09 Aug 2020 17:58:08 GMT" time="35.401" errors="0">
  <testcase name="testLogin" time="15.873" classname="academy.InvalidSignInTest"/>
  <testcase name="testLogin" time="19.528" classname="academy.InvalidSignInTest"/>
</testsuite> <!-- academy.InvalidSignInTest -->
