<?xml version="1.0" encoding="UTF-8"?>
<!-- Generated by org.testng.reporters.JUnitReportReporter -->
<testsuite skipped="0" hostname="Prabodh-PC" name="academy.Homepage" tests="1" failures="0" timestamp="08 Aug 2020 11:08:37 GMT" time="16.964" errors="0">
  <testcase name="basePageNavigation" time="16.964" classname="academy.Homepage"/>
</testsuite> <!-- academy.Homepage -->
