<?xml version="1.0" encoding="UTF-8"?>
<!-- Generated by org.testng.reporters.JUnitReportReporter -->
<testsuite skipped="0" hostname="Prabodh-PC" name="academy.HomepageTest" tests="1" failures="0" timestamp="10 Aug 2020 17:37:48 GMT" time="24.802" errors="0">
  <testcase name="basePageNavigation" time="24.802" classname="academy.HomepageTest"/>
</testsuite> <!-- academy.HomepageTest -->
