<?xml version="1.0" encoding="UTF-8"?>
<!-- Generated by org.testng.reporters.JUnitReportReporter -->
<testsuite skipped="0" hostname="Prabodh-PC" name="academy.LoginpageTest" tests="1" failures="0" timestamp="09 Aug 2020 16:12:08 GMT" time="15.417" errors="0">
  <testcase name="testLogin" time="15.417" classname="academy.LoginpageTest"/>
</testsuite> <!-- academy.LoginpageTest -->
