<?xml version="1.0" encoding="UTF-8"?>
<!-- Generated by org.testng.reporters.JUnitReportReporter -->
<testsuite skipped="0" hostname="Prabodh-PC" name="tests.CheckoutTest" tests="1" failures="0" timestamp="23 Aug 2020 16:34:01 GMT" time="49.212" errors="0">
  <testcase name="checkOutJourney" time="49.212" classname="tests.CheckoutTest"/>
</testsuite> <!-- tests.CheckoutTest -->
