<?xml version="1.0" encoding="UTF-8"?>
<!-- Generated by org.testng.reporters.JUnitReportReporter -->
<testsuite skipped="0" hostname="Prabodh-PC" name="academy.LandingpageTest" tests="1" failures="0" timestamp="09 Aug 2020 17:58:08 GMT" time="15.810" errors="0">
  <testcase name="basePageNavigation" time="15.810" classname="academy.LandingpageTest"/>
</testsuite> <!-- academy.LandingpageTest -->
