<?xml version="1.0" encoding="UTF-8"?>
<!-- Generated by org.testng.reporters.JUnitReportReporter -->
<testsuite skipped="0" hostname="Prabodh-PC" name="tests.NewsletterSubsTest" tests="3" failures="0" timestamp="24 Aug 2020 15:29:35 GMT" time="81.609" errors="0">
  <testcase name="verifyEmptyEmail" time="28.532" classname="tests.NewsletterSubsTest"/>
  <testcase name="verifyValidEmail" time="26.770" classname="tests.NewsletterSubsTest"/>
  <testcase name="verifyInvalidEmail" time="26.307" classname="tests.NewsletterSubsTest"/>
</testsuite> <!-- tests.NewsletterSubsTest -->
