<?xml version="1.0" encoding="UTF-8"?>
<!-- Generated by org.testng.reporters.JUnitReportReporter -->
<testsuite skipped="0" hostname="Prabodh-PC" name="tests.VerifyWomenSummerDressSectionTest" tests="1" failures="0" timestamp="23 Aug 2020 13:29:33 GMT" time="25.785" errors="0">
  <testcase name="homePageNavigation" time="25.785" classname="tests.VerifyWomenSummerDressSectionTest"/>
</testsuite> <!-- tests.VerifyWomenSummerDressSectionTest -->
