<?xml version="1.0" encoding="UTF-8"?>
<!-- Generated by org.testng.reporters.JUnitReportReporter -->
<testsuite skipped="0" hostname="Prabodh-PC" name="tests.InvalidSignInTest" tests="2" failures="0" timestamp="24 Aug 2020 15:29:35 GMT" time="33.742" errors="0">
  <testcase name="testLogin" time="17.024" classname="tests.InvalidSignInTest"/>
  <testcase name="testLogin" time="16.718" classname="tests.InvalidSignInTest"/>
</testsuite> <!-- tests.InvalidSignInTest -->
