<?xml version="1.0" encoding="UTF-8"?>
<!-- Generated by org.testng.reporters.JUnitReportReporter -->
<testsuite skipped="0" hostname="Prabodh-PC" name="tests.HomepageTest" tests="1" failures="0" timestamp="24 Aug 2020 15:29:35 GMT" time="25.441" errors="0">
  <testcase name="homePageNavigation" time="25.441" classname="tests.HomepageTest"/>
</testsuite> <!-- tests.HomepageTest -->
