<?xml version="1.0" encoding="UTF-8"?>
<!-- Generated by org.testng.reporters.JUnitReportReporter -->
<testsuite skipped="0" hostname="Prabodh-PC" name="tests.HomepageTest" tests="1" failures="0" timestamp="16 Sep 2020 13:31:42 GMT" time="22.782" errors="0">
  <testcase name="homePageNavigation" time="22.782" classname="tests.HomepageTest"/>
</testsuite> <!-- tests.HomepageTest -->
