<?xml version="1.0" encoding="UTF-8"?>
<!-- Generated by org.testng.reporters.JUnitReportReporter -->
<testsuite skipped="0" hostname="Prabodh-PC" name="tests.NewsletterSubsTest" tests="3" failures="0" timestamp="23 Aug 2020 18:58:09 GMT" time="76.266" errors="0">
  <testcase name="verifyValidEmail" time="23.709" classname="tests.NewsletterSubsTest"/>
  <testcase name="verifyEmptyEmail" time="26.038" classname="tests.NewsletterSubsTest"/>
  <testcase name="verifyInvalidEmail" time="26.519" classname="tests.NewsletterSubsTest"/>
</testsuite> <!-- tests.NewsletterSubsTest -->
