<?xml version="1.0" encoding="UTF-8"?>
<!-- Generated by org.testng.reporters.JUnitReportReporter -->
<testsuite skipped="0" hostname="Prabodh-PC" name="tests.InvalidSignInTest" tests="2" failures="0" timestamp="23 Aug 2020 18:58:09 GMT" time="36.499" errors="0">
  <testcase name="testLogin" time="16.438" classname="tests.InvalidSignInTest"/>
  <testcase name="testLogin" time="20.061" classname="tests.InvalidSignInTest"/>
</testsuite> <!-- tests.InvalidSignInTest -->
