<?xml version="1.0" encoding="UTF-8"?>
<!-- Generated by org.testng.reporters.JUnitReportReporter -->
<testsuite skipped="0" hostname="Prabodh-PC" name="academy.InvalidSignInTest" tests="2" failures="0" timestamp="14 Aug 2020 14:29:29 GMT" time="43.328" errors="0">
  <testcase name="testLogin" time="17.105" classname="academy.InvalidSignInTest"/>
  <testcase name="testLogin" time="26.223" classname="academy.InvalidSignInTest"/>
</testsuite> <!-- academy.InvalidSignInTest -->
