<?xml version="1.0" encoding="UTF-8"?>
<!-- Generated by org.testng.reporters.JUnitReportReporter -->
<testsuite skipped="0" hostname="Prabodh-PC" name="academy.LandingpageTest" tests="1" failures="0" timestamp="14 Aug 2020 14:29:29 GMT" time="29.791" errors="0">
  <testcase name="basePageNavigation" time="29.791" classname="academy.LandingpageTest"/>
</testsuite> <!-- academy.LandingpageTest -->
