<?xml version="1.0" encoding="UTF-8"?>
<!-- Generated by org.testng.reporters.JUnitReportReporter -->
<testsuite skipped="0" hostname="Prabodh-PC" name="tests.CheckoutTest" tests="1" failures="0" timestamp="23 Aug 2020 17:00:08 GMT" time="51.421" errors="0">
  <testcase name="checkOutJourney" time="51.421" classname="tests.CheckoutTest"/>
</testsuite> <!-- tests.CheckoutTest -->
