<?xml version="1.0" encoding="UTF-8"?>
<!-- Generated by org.testng.reporters.JUnitReportReporter -->
<testsuite skipped="0" hostname="Prabodh-PC" name="tests.CheckoutTest" tests="1" failures="0" timestamp="16 Sep 2020 13:30:58 GMT" time="54.939" errors="0">
  <testcase name="checkOutJourney" time="54.939" classname="tests.CheckoutTest"/>
</testsuite> <!-- tests.CheckoutTest -->
