<?xml version="1.0" encoding="UTF-8"?>
<!-- Generated by org.testng.reporters.JUnitReportReporter -->
<testsuite skipped="0" hostname="Prabodh-PC" name="tests.WomenSummerDressSectionTest" tests="1" failures="0" timestamp="23 Aug 2020 17:00:08 GMT" time="27.155" errors="0">
  <testcase name="verifyProductCount" time="27.155" classname="tests.WomenSummerDressSectionTest"/>
</testsuite> <!-- tests.WomenSummerDressSectionTest -->
