<?xml version="1.0" encoding="UTF-8"?>
<!-- Generated by org.testng.reporters.JUnitReportReporter -->
<testsuite skipped="0" hostname="Prabodh-PC" name="tests.NewsletterSubsTest" tests="3" failures="0" timestamp="23 Aug 2020 17:00:08 GMT" time="83.751" errors="0">
  <testcase name="verifyInvalidEmail" time="24.463" classname="tests.NewsletterSubsTest"/>
  <testcase name="verifyValidEmail" time="29.839" classname="tests.NewsletterSubsTest"/>
  <testcase name="verifyEmptyEmail" time="29.449" classname="tests.NewsletterSubsTest"/>
</testsuite> <!-- tests.NewsletterSubsTest -->
