<?xml version="1.0" encoding="UTF-8"?>
<!-- Generated by org.testng.reporters.JUnitReportReporter -->
<testsuite skipped="0" hostname="Prabodh-PC" name="tests.InvalidSignInTest" tests="2" failures="0" timestamp="23 Aug 2020 17:00:08 GMT" time="34.876" errors="0">
  <testcase name="testLogin" time="17.903" classname="tests.InvalidSignInTest"/>
  <testcase name="testLogin" time="16.973" classname="tests.InvalidSignInTest"/>
</testsuite> <!-- tests.InvalidSignInTest -->
