<?xml version="1.0" encoding="UTF-8"?>
<!-- Generated by org.testng.reporters.JUnitReportReporter -->
<testsuite skipped="0" hostname="Prabodh-PC" name="academy.HomepageTest" tests="1" failures="0" timestamp="14 Aug 2020 14:29:29 GMT" time="31.024" errors="0">
  <testcase name="basePageNavigation" time="31.024" classname="academy.HomepageTest"/>
</testsuite> <!-- academy.HomepageTest -->
