<?xml version="1.0" encoding="UTF-8"?>
<!-- Generated by org.testng.reporters.JUnitReportReporter -->
<testsuite skipped="0" hostname="Prabodh-PC" name="tests.WomenSummerDressSectionTest" tests="1" failures="0" timestamp="23 Aug 2020 18:58:09 GMT" time="25.511" errors="0">
  <testcase name="verifyProductCount" time="25.511" classname="tests.WomenSummerDressSectionTest"/>
</testsuite> <!-- tests.WomenSummerDressSectionTest -->
